# JRE version: OpenJDK Runtime Environment (21.0.3) (build 21.0.3+-12282718-b509.11)
# Java VM: OpenJDK 64-Bit Server VM (21.0.3+-12282718-b509.11, mixed mode, tiered, compressed oops, compressed class ptrs, g1 gc, windows-amd64)
GC Precious Log:
 CardTable entry size: 512
 Card Set container configuration: InlinePtr #cards 5 size 8 Array Of Cards #cards 12 size 40 Howl #buckets 4 coarsen threshold 1843 Howl Bitmap #cards 512 size 80 coarsen threshold 460 Card regions per heap region 1 cards per card region 2048
 CPUs: 4 total, 4 available
 Memory: 4017M
 Large Page Support: Disabled
 NUMA Support: Disabled
 Compressed Oops: Enabled (32-bit)
 Heap Region Size: 1M
 Heap Min Capacity: 8M
 Heap Initial Capacity: 64M
 Heap Max Capacity: 2G
 Pre-touch: Disabled
 Parallel Workers: 4
 Concurrent Workers: 1
 Concurrent Refinement Workers: 4
 Periodic GC: Disabled
Heap:
 garbage-first heap   total 367616K, used 197632K [0x0000000080000000, 0x0000000100000000)
  region size 1024K, 13 young (13312K), 2 survivors (2048K)
 Metaspace       used 153374K, committed 155776K, reserved 1245184K
  class space    used 20163K, committed 21376K, reserved 1048576K
GC Heap History (20 events):
Event: 561.120 GC heap before
{Heap before GC invocations=68 (full 0):
 garbage-first heap   total 319488K, used 282624K [0x0000000080000000, 0x0000000100000000)
  region size 1024K, 122 young (124928K), 1 survivors (1024K)
 Metaspace       used 152313K, committed 154688K, reserved 1245184K
  class space    used 20150K, committed 21312K, reserved 1048576K
}
Event: 561.256 GC heap after
{Heap after GC invocations=69 (full 0):
 garbage-first heap   total 319488K, used 172001K [0x0000000080000000, 0x0000000100000000)
  region size 1024K, 13 young (13312K), 13 survivors (13312K)
 Metaspace       used 152313K, committed 154688K, reserved 1245184K
  class space    used 20150K, committed 21312K, reserved 1048576K
}
Event: 628.965 GC heap before
{Heap before GC invocations=70 (full 0):
 garbage-first heap   total 367616K, used 275425K [0x0000000080000000, 0x0000000100000000)
  region size 1024K, 86 young (88064K), 13 survivors (13312K)
 Metaspace       used 152477K, committed 154816K, reserved 1245184K
  class space    used 20151K, committed 21312K, reserved 1048576K
}
Event: 629.494 GC heap after
{Heap after GC invocations=71 (full 0):
 garbage-first heap   total 367616K, used 161366K [0x0000000080000000, 0x0000000100000000)
  region size 1024K, 5 young (5120K), 5 survivors (5120K)
 Metaspace       used 152477K, committed 154816K, reserved 1245184K
  class space    used 20151K, committed 21312K, reserved 1048576K
}
Event: 631.920 GC heap before
{Heap before GC invocations=71 (full 0):
 garbage-first heap   total 367616K, used 177750K [0x0000000080000000, 0x0000000100000000)
  region size 1024K, 21 young (21504K), 5 survivors (5120K)
 Metaspace       used 152516K, committed 154880K, reserved 1245184K
  class space    used 20153K, committed 21312K, reserved 1048576K
}
Event: 631.990 GC heap after
{Heap after GC invocations=72 (full 0):
 garbage-first heap   total 367616K, used 155361K [0x0000000080000000, 0x0000000100000000)
  region size 1024K, 3 young (3072K), 3 survivors (3072K)
 Metaspace       used 152516K, committed 154880K, reserved 1245184K
  class space    used 20153K, committed 21312K, reserved 1048576K
}
Event: 635.421 GC heap before
{Heap before GC invocations=72 (full 0):
 garbage-first heap   total 367616K, used 210657K [0x0000000080000000, 0x0000000100000000)
  region size 1024K, 58 young (59392K), 3 survivors (3072K)
 Metaspace       used 152691K, committed 155008K, reserved 1245184K
  class space    used 20155K, committed 21312K, reserved 1048576K
}
Event: 635.460 GC heap after
{Heap after GC invocations=73 (full 0):
 garbage-first heap   total 367616K, used 159744K [0x0000000080000000, 0x0000000100000000)
  region size 1024K, 8 young (8192K), 8 survivors (8192K)
 Metaspace       used 152691K, committed 155008K, reserved 1245184K
  class space    used 20155K, committed 21312K, reserved 1048576K
}
Event: 635.936 GC heap before
{Heap before GC invocations=73 (full 0):
 garbage-first heap   total 367616K, used 168960K [0x0000000080000000, 0x0000000100000000)
  region size 1024K, 17 young (17408K), 8 survivors (8192K)
 Metaspace       used 152708K, committed 155072K, reserved 1245184K
  class space    used 20155K, committed 21312K, reserved 1048576K
}
Event: 636.017 GC heap after
{Heap after GC invocations=74 (full 0):
 garbage-first heap   total 367616K, used 160184K [0x0000000080000000, 0x0000000100000000)
  region size 1024K, 2 young (2048K), 2 survivors (2048K)
 Metaspace       used 152708K, committed 155072K, reserved 1245184K
  class space    used 20155K, committed 21312K, reserved 1048576K
}
Event: 688.430 GC heap before
{Heap before GC invocations=74 (full 0):
 garbage-first heap   total 367616K, used 221624K [0x0000000080000000, 0x0000000100000000)
  region size 1024K, 62 young (63488K), 2 survivors (2048K)
 Metaspace       used 152790K, committed 155136K, reserved 1245184K
  class space    used 20156K, committed 21312K, reserved 1048576K
}
Event: 688.476 GC heap after
{Heap after GC invocations=75 (full 0):
 garbage-first heap   total 367616K, used 162795K [0x0000000080000000, 0x0000000100000000)
  region size 1024K, 6 young (6144K), 6 survivors (6144K)
 Metaspace       used 152790K, committed 155136K, reserved 1245184K
  class space    used 20156K, committed 21312K, reserved 1048576K
}
Event: 689.727 GC heap before
{Heap before GC invocations=75 (full 0):
 garbage-first heap   total 367616K, used 203755K [0x0000000080000000, 0x0000000100000000)
  region size 1024K, 46 young (47104K), 6 survivors (6144K)
 Metaspace       used 152919K, committed 155392K, reserved 1245184K
  class space    used 20158K, committed 21376K, reserved 1048576K
}
Event: 689.762 GC heap after
{Heap after GC invocations=76 (full 0):
 garbage-first heap   total 367616K, used 168960K [0x0000000080000000, 0x0000000100000000)
  region size 1024K, 6 young (6144K), 6 survivors (6144K)
 Metaspace       used 152919K, committed 155392K, reserved 1245184K
  class space    used 20158K, committed 21376K, reserved 1048576K
}
Event: 708.659 GC heap before
{Heap before GC invocations=76 (full 0):
 garbage-first heap   total 367616K, used 224256K [0x0000000080000000, 0x0000000100000000)
  region size 1024K, 61 young (62464K), 6 survivors (6144K)
 Metaspace       used 152996K, committed 155392K, reserved 1245184K
  class space    used 20158K, committed 21376K, reserved 1048576K
}
Event: 708.695 GC heap after
{Heap after GC invocations=77 (full 0):
 garbage-first heap   total 367616K, used 172919K [0x0000000080000000, 0x0000000100000000)
  region size 1024K, 4 young (4096K), 4 survivors (4096K)
 Metaspace       used 152996K, committed 155392K, reserved 1245184K
  class space    used 20158K, committed 21376K, reserved 1048576K
}
Event: 711.429 GC heap before
{Heap before GC invocations=77 (full 0):
 garbage-first heap   total 367616K, used 280439K [0x0000000080000000, 0x0000000100000000)
  region size 1024K, 110 young (112640K), 4 survivors (4096K)
 Metaspace       used 153211K, committed 155648K, reserved 1245184K
  class space    used 20163K, committed 21376K, reserved 1048576K
}
Event: 711.592 GC heap after
{Heap after GC invocations=78 (full 0):
 garbage-first heap   total 367616K, used 184839K [0x0000000080000000, 0x0000000100000000)
  region size 1024K, 14 young (14336K), 14 survivors (14336K)
 Metaspace       used 153211K, committed 155648K, reserved 1245184K
  class space    used 20163K, committed 21376K, reserved 1048576K
}
Event: 731.324 GC heap before
{Heap before GC invocations=78 (full 0):
 garbage-first heap   total 367616K, used 196103K [0x0000000080000000, 0x0000000100000000)
  region size 1024K, 26 young (26624K), 14 survivors (14336K)
 Metaspace       used 153233K, committed 155648K, reserved 1245184K
  class space    used 20163K, committed 21376K, reserved 1048576K
}
Event: 731.497 GC heap after
{Heap after GC invocations=79 (full 0):
 garbage-first heap   total 367616K, used 187392K [0x0000000080000000, 0x0000000100000000)
  region size 1024K, 2 young (2048K), 2 survivors (2048K)
 Metaspace       used 153233K, committed 155648K, reserved 1245184K
  class space    used 20163K, committed 21376K, reserved 1048576K
}

