# JRE version: OpenJDK Runtime Environment (21.0.3) (build 21.0.3+-12282718-b509.11)
# Java VM: OpenJDK 64-Bit Server VM (21.0.3+-12282718-b509.11, mixed mode, tiered, compressed oops, compressed class ptrs, g1 gc, windows-amd64)
GC Precious Log:
 CardTable entry size: 512
 Card Set container configuration: InlinePtr #cards 5 size 8 Array Of Cards #cards 12 size 40 Howl #buckets 4 coarsen threshold 1843 Howl Bitmap #cards 512 size 80 coarsen threshold 460 Card regions per heap region 1 cards per card region 2048
 CPUs: 4 total, 4 available
 Memory: 4017M
 Large Page Support: Disabled
 NUMA Support: Disabled
 Compressed Oops: Enabled (32-bit)
 Heap Region Size: 1M
 Heap Min Capacity: 8M
 Heap Initial Capacity: 64M
 Heap Max Capacity: 2G
 Pre-touch: Disabled
 Parallel Workers: 4
 Concurrent Workers: 1
 Concurrent Refinement Workers: 4
 Periodic GC: Disabled
Heap:
 garbage-first heap   total 454656K, used 159558K [0x0000000080000000, 0x0000000100000000)
  region size 1024K, 3 young (3072K), 3 survivors (3072K)
 Metaspace       used 166717K, committed 170368K, reserved 1245184K
  class space    used 21056K, committed 22912K, reserved 1048576K
GC Heap History (20 events):
Event: 11966.311 GC heap after
{Heap after GC invocations=204 (full 1):
 garbage-first heap   total 454656K, used 143947K [0x0000000080000000, 0x0000000100000000)
  region size 1024K, 3 young (3072K), 3 survivors (3072K)
 Metaspace       used 166556K, committed 170240K, reserved 1245184K
  class space    used 21138K, committed 22912K, reserved 1048576K
}
Event: 11973.052 GC heap before
{Heap before GC invocations=204 (full 1):
 garbage-first heap   total 454656K, used 163403K [0x0000000080000000, 0x0000000100000000)
  region size 1024K, 22 young (22528K), 3 survivors (3072K)
 Metaspace       used 165961K, committed 170240K, reserved 1245184K
  class space    used 21000K, committed 22912K, reserved 1048576K
}
Event: 11973.149 GC heap after
{Heap after GC invocations=205 (full 1):
 garbage-first heap   total 454656K, used 147839K [0x0000000080000000, 0x0000000100000000)
  region size 1024K, 3 young (3072K), 3 survivors (3072K)
 Metaspace       used 165961K, committed 170240K, reserved 1245184K
  class space    used 21000K, committed 22912K, reserved 1048576K
}
Event: 11976.516 GC heap before
{Heap before GC invocations=205 (full 1):
 garbage-first heap   total 454656K, used 166271K [0x0000000080000000, 0x0000000100000000)
  region size 1024K, 22 young (22528K), 3 survivors (3072K)
 Metaspace       used 166017K, committed 170240K, reserved 1245184K
  class space    used 21007K, committed 22912K, reserved 1048576K
}
Event: 11976.582 GC heap after
{Heap after GC invocations=206 (full 1):
 garbage-first heap   total 454656K, used 150929K [0x0000000080000000, 0x0000000100000000)
  region size 1024K, 3 young (3072K), 3 survivors (3072K)
 Metaspace       used 166017K, committed 170240K, reserved 1245184K
  class space    used 21007K, committed 22912K, reserved 1048576K
}
Event: 11979.257 GC heap before
{Heap before GC invocations=207 (full 1):
 garbage-first heap   total 454656K, used 170385K [0x0000000080000000, 0x0000000100000000)
  region size 1024K, 22 young (22528K), 3 survivors (3072K)
 Metaspace       used 166257K, committed 170240K, reserved 1245184K
  class space    used 21023K, committed 22912K, reserved 1048576K
}
Event: 11979.302 GC heap after
{Heap after GC invocations=208 (full 1):
 garbage-first heap   total 454656K, used 154094K [0x0000000080000000, 0x0000000100000000)
  region size 1024K, 3 young (3072K), 3 survivors (3072K)
 Metaspace       used 166257K, committed 170240K, reserved 1245184K
  class space    used 21023K, committed 22912K, reserved 1048576K
}
Event: 12007.571 GC heap before
{Heap before GC invocations=208 (full 1):
 garbage-first heap   total 454656K, used 172526K [0x0000000080000000, 0x0000000100000000)
  region size 1024K, 22 young (22528K), 3 survivors (3072K)
 Metaspace       used 166367K, committed 170304K, reserved 1245184K
  class space    used 21036K, committed 22912K, reserved 1048576K
}
Event: 12007.901 GC heap after
{Heap after GC invocations=209 (full 1):
 garbage-first heap   total 454656K, used 154799K [0x0000000080000000, 0x0000000100000000)
  region size 1024K, 2 young (2048K), 2 survivors (2048K)
 Metaspace       used 166367K, committed 170304K, reserved 1245184K
  class space    used 21036K, committed 22912K, reserved 1048576K
}
Event: 12011.467 GC heap before
{Heap before GC invocations=209 (full 1):
 garbage-first heap   total 454656K, used 174255K [0x0000000080000000, 0x0000000100000000)
  region size 1024K, 22 young (22528K), 2 survivors (2048K)
 Metaspace       used 166445K, committed 170304K, reserved 1245184K
  class space    used 21045K, committed 22912K, reserved 1048576K
}
Event: 12011.492 GC heap after
{Heap after GC invocations=210 (full 1):
 garbage-first heap   total 454656K, used 154506K [0x0000000080000000, 0x0000000100000000)
  region size 1024K, 2 young (2048K), 2 survivors (2048K)
 Metaspace       used 166445K, committed 170304K, reserved 1245184K
  class space    used 21045K, committed 22912K, reserved 1048576K
}
Event: 12015.160 GC heap before
{Heap before GC invocations=210 (full 1):
 garbage-first heap   total 454656K, used 216970K [0x0000000080000000, 0x0000000100000000)
  region size 1024K, 22 young (22528K), 2 survivors (2048K)
 Metaspace       used 166537K, committed 170304K, reserved 1245184K
  class space    used 21052K, committed 22912K, reserved 1048576K
}
Event: 12015.190 GC heap after
{Heap after GC invocations=211 (full 1):
 garbage-first heap   total 454656K, used 154453K [0x0000000080000000, 0x0000000100000000)
  region size 1024K, 2 young (2048K), 2 survivors (2048K)
 Metaspace       used 166537K, committed 170304K, reserved 1245184K
  class space    used 21052K, committed 22912K, reserved 1048576K
}
Event: 12116.518 GC heap before
{Heap before GC invocations=211 (full 1):
 garbage-first heap   total 454656K, used 197461K [0x0000000080000000, 0x0000000100000000)
  region size 1024K, 45 young (46080K), 2 survivors (2048K)
 Metaspace       used 166555K, committed 170304K, reserved 1245184K
  class space    used 21053K, committed 22912K, reserved 1048576K
}
Event: 12116.706 GC heap after
{Heap after GC invocations=212 (full 1):
 garbage-first heap   total 454656K, used 154122K [0x0000000080000000, 0x0000000100000000)
  region size 1024K, 5 young (5120K), 5 survivors (5120K)
 Metaspace       used 166555K, committed 170304K, reserved 1245184K
  class space    used 21053K, committed 22912K, reserved 1048576K
}
Event: 12118.726 GC heap before
{Heap before GC invocations=212 (full 1):
 garbage-first heap   total 454656K, used 171530K [0x0000000080000000, 0x0000000100000000)
  region size 1024K, 22 young (22528K), 5 survivors (5120K)
 Metaspace       used 166591K, committed 170368K, reserved 1245184K
  class space    used 21053K, committed 22912K, reserved 1048576K
}
Event: 12118.820 GC heap after
{Heap after GC invocations=213 (full 1):
 garbage-first heap   total 454656K, used 155887K [0x0000000080000000, 0x0000000100000000)
  region size 1024K, 2 young (2048K), 2 survivors (2048K)
 Metaspace       used 166591K, committed 170368K, reserved 1245184K
  class space    used 21053K, committed 22912K, reserved 1048576K
}
Event: 12125.591 GC heap before
{Heap before GC invocations=213 (full 1):
 garbage-first heap   total 454656K, used 173295K [0x0000000080000000, 0x0000000100000000)
  region size 1024K, 22 young (22528K), 2 survivors (2048K)
 Metaspace       used 166715K, committed 170368K, reserved 1245184K
  class space    used 21056K, committed 22912K, reserved 1048576K
}
Event: 12125.682 GC heap after
{Heap after GC invocations=214 (full 1):
 garbage-first heap   total 454656K, used 156266K [0x0000000080000000, 0x0000000100000000)
  region size 1024K, 3 young (3072K), 3 survivors (3072K)
 Metaspace       used 166715K, committed 170368K, reserved 1245184K
  class space    used 21056K, committed 22912K, reserved 1048576K
}
Event: 12128.646 GC heap before
{Heap before GC invocations=214 (full 1):
 garbage-first heap   total 454656K, used 175722K [0x0000000080000000, 0x0000000100000000)
  region size 1024K, 22 young (22528K), 3 survivors (3072K)
 Metaspace       used 166717K, committed 170368K, reserved 1245184K
  class space    used 21056K, committed 22912K, reserved 1048576K
}

