# JRE version: OpenJDK Runtime Environment (21.0.3) (build 21.0.3+-12282718-b509.11)
# Java VM: OpenJDK 64-Bit Server VM (21.0.3+-12282718-b509.11, mixed mode, tiered, compressed oops, compressed class ptrs, g1 gc, windows-amd64)
GC Precious Log:
 CardTable entry size: 512
 Card Set container configuration: InlinePtr #cards 5 size 8 Array Of Cards #cards 12 size 40 Howl #buckets 4 coarsen threshold 1843 Howl Bitmap #cards 512 size 80 coarsen threshold 460 Card regions per heap region 1 cards per card region 2048
 CPUs: 4 total, 4 available
 Memory: 4017M
 Large Page Support: Disabled
 NUMA Support: Disabled
 Compressed Oops: Enabled (32-bit)
 Heap Region Size: 1M
 Heap Min Capacity: 8M
 Heap Initial Capacity: 64M
 Heap Max Capacity: 2G
 Pre-touch: Disabled
 Parallel Workers: 4
 Concurrent Workers: 1
 Concurrent Refinement Workers: 4
 Periodic GC: Disabled
Heap:
 garbage-first heap   total 260096K, used 206848K [0x0000000080000000, 0x0000000100000000)
  region size 1024K, 33 young (33792K), 14 survivors (14336K)
 Metaspace       used 151112K, committed 153472K, reserved 1245184K
  class space    used 20152K, committed 21312K, reserved 1048576K
GC Heap History (20 events):
Event: 50.933 GC heap before
{Heap before GC invocations=44 (full 0):
 garbage-first heap   total 183296K, used 164617K [0x0000000080000000, 0x0000000100000000)
  region size 1024K, 61 young (62464K), 7 survivors (7168K)
 Metaspace       used 114961K, committed 117120K, reserved 1179648K
  class space    used 15656K, committed 16768K, reserved 1048576K
}
Event: 50.955 GC heap after
{Heap after GC invocations=45 (full 0):
 garbage-first heap   total 183296K, used 113755K [0x0000000080000000, 0x0000000100000000)
  region size 1024K, 6 young (6144K), 6 survivors (6144K)
 Metaspace       used 114961K, committed 117120K, reserved 1179648K
  class space    used 15656K, committed 16768K, reserved 1048576K
}
Event: 52.917 GC heap before
{Heap before GC invocations=45 (full 0):
 garbage-first heap   total 183296K, used 164955K [0x0000000080000000, 0x0000000100000000)
  region size 1024K, 57 young (58368K), 6 survivors (6144K)
 Metaspace       used 115356K, committed 117568K, reserved 1179648K
  class space    used 15700K, committed 16832K, reserved 1048576K
}
Event: 52.935 GC heap after
{Heap after GC invocations=46 (full 0):
 garbage-first heap   total 183296K, used 117248K [0x0000000080000000, 0x0000000100000000)
  region size 1024K, 6 young (6144K), 6 survivors (6144K)
 Metaspace       used 115356K, committed 117568K, reserved 1179648K
  class space    used 15700K, committed 16832K, reserved 1048576K
}
Event: 56.705 GC heap before
{Heap before GC invocations=47 (full 0):
 garbage-first heap   total 203776K, used 164352K [0x0000000080000000, 0x0000000100000000)
  region size 1024K, 53 young (54272K), 6 survivors (6144K)
 Metaspace       used 118543K, committed 120704K, reserved 1179648K
  class space    used 16103K, committed 17216K, reserved 1048576K
}
Event: 56.757 GC heap after
{Heap after GC invocations=48 (full 0):
 garbage-first heap   total 203776K, used 121488K [0x0000000080000000, 0x0000000100000000)
  region size 1024K, 7 young (7168K), 7 survivors (7168K)
 Metaspace       used 118543K, committed 120704K, reserved 1179648K
  class space    used 16103K, committed 17216K, reserved 1048576K
}
Event: 60.479 GC heap before
{Heap before GC invocations=48 (full 0):
 garbage-first heap   total 203776K, used 182928K [0x0000000080000000, 0x0000000100000000)
  region size 1024K, 68 young (69632K), 7 survivors (7168K)
 Metaspace       used 119809K, committed 122048K, reserved 1179648K
  class space    used 16286K, committed 17408K, reserved 1048576K
}
Event: 60.609 GC heap after
{Heap after GC invocations=49 (full 0):
 garbage-first heap   total 203776K, used 124593K [0x0000000080000000, 0x0000000100000000)
  region size 1024K, 6 young (6144K), 6 survivors (6144K)
 Metaspace       used 119809K, committed 122048K, reserved 1179648K
  class space    used 16286K, committed 17408K, reserved 1048576K
}
Event: 78.473 GC heap before
{Heap before GC invocations=49 (full 0):
 garbage-first heap   total 203776K, used 185009K [0x0000000080000000, 0x0000000100000000)
  region size 1024K, 66 young (67584K), 6 survivors (6144K)
 Metaspace       used 122906K, committed 125184K, reserved 1179648K
  class space    used 16712K, committed 17856K, reserved 1048576K
}
Event: 78.534 GC heap after
{Heap after GC invocations=50 (full 0):
 garbage-first heap   total 203776K, used 125317K [0x0000000080000000, 0x0000000100000000)
  region size 1024K, 5 young (5120K), 5 survivors (5120K)
 Metaspace       used 122906K, committed 125184K, reserved 1179648K
  class space    used 16712K, committed 17856K, reserved 1048576K
}
Event: 81.053 GC heap before
{Heap before GC invocations=50 (full 0):
 garbage-first heap   total 203776K, used 185733K [0x0000000080000000, 0x0000000100000000)
  region size 1024K, 65 young (66560K), 5 survivors (5120K)
 Metaspace       used 131744K, committed 134016K, reserved 1179648K
  class space    used 18039K, committed 19200K, reserved 1048576K
}
Event: 81.077 GC heap after
{Heap after GC invocations=51 (full 0):
 garbage-first heap   total 203776K, used 126547K [0x0000000080000000, 0x0000000100000000)
  region size 1024K, 6 young (6144K), 6 survivors (6144K)
 Metaspace       used 131744K, committed 134016K, reserved 1179648K
  class space    used 18039K, committed 19200K, reserved 1048576K
}
Event: 84.897 GC heap before
{Heap before GC invocations=52 (full 0):
 garbage-first heap   total 249856K, used 182867K [0x0000000080000000, 0x0000000100000000)
  region size 1024K, 62 young (63488K), 6 survivors (6144K)
 Metaspace       used 137486K, committed 139776K, reserved 1179648K
  class space    used 18968K, committed 20096K, reserved 1048576K
}
Event: 84.917 GC heap after
{Heap after GC invocations=53 (full 0):
 garbage-first heap   total 249856K, used 127589K [0x0000000080000000, 0x0000000100000000)
  region size 1024K, 3 young (3072K), 3 survivors (3072K)
 Metaspace       used 137486K, committed 139776K, reserved 1179648K
  class space    used 18968K, committed 20096K, reserved 1048576K
}
Event: 89.744 GC heap before
{Heap before GC invocations=53 (full 0):
 garbage-first heap   total 249856K, used 248421K [0x0000000080000000, 0x0000000100000000)
  region size 1024K, 78 young (79872K), 3 survivors (3072K)
 Metaspace       used 145224K, committed 147520K, reserved 1179648K
  class space    used 19753K, committed 20928K, reserved 1048576K
}
Event: 89.765 GC heap after
{Heap after GC invocations=54 (full 0):
 garbage-first heap   total 260096K, used 133419K [0x0000000080000000, 0x0000000100000000)
  region size 1024K, 9 young (9216K), 9 survivors (9216K)
 Metaspace       used 145224K, committed 147520K, reserved 1179648K
  class space    used 19753K, committed 20928K, reserved 1048576K
}
Event: 198.670 GC heap before
{Heap before GC invocations=54 (full 0):
 garbage-first heap   total 260096K, used 225579K [0x0000000080000000, 0x0000000100000000)
  region size 1024K, 100 young (102400K), 9 survivors (9216K)
 Metaspace       used 150068K, committed 152384K, reserved 1245184K
  class space    used 20148K, committed 21312K, reserved 1048576K
}
Event: 199.021 GC heap after
{Heap after GC invocations=55 (full 0):
 garbage-first heap   total 260096K, used 137436K [0x0000000080000000, 0x0000000100000000)
  region size 1024K, 11 young (11264K), 11 survivors (11264K)
 Metaspace       used 150068K, committed 152384K, reserved 1245184K
  class space    used 20148K, committed 21312K, reserved 1048576K
}
Event: 216.820 GC heap before
{Heap before GC invocations=55 (full 0):
 garbage-first heap   total 260096K, used 232668K [0x0000000080000000, 0x0000000100000000)
  region size 1024K, 105 young (107520K), 11 survivors (11264K)
 Metaspace       used 150945K, committed 153216K, reserved 1245184K
  class space    used 20153K, committed 21312K, reserved 1048576K
}
Event: 217.056 GC heap after
{Heap after GC invocations=56 (full 0):
 garbage-first heap   total 260096K, used 146432K [0x0000000080000000, 0x0000000100000000)
  region size 1024K, 14 young (14336K), 14 survivors (14336K)
 Metaspace       used 150945K, committed 153216K, reserved 1245184K
  class space    used 20153K, committed 21312K, reserved 1048576K
}

